[08-Dec-2022 20:05:51 UTC] PHP Warning:  require_once(C:\Users\Instrutor\Local Sites\lamborghiniferrari\app\public\wp-content\plugins\touch-fashion-slider-elementor-addon/widgets/hero-slider-3-widget.php): failed to open stream: No such file or directory in C:\Users\Instrutor\Local Sites\lamborghiniferrari\app\public\wp-content\plugins\touch-fashion-slider-elementor-addon\tfsel-touch-fashion-slider.php on line 60
[08-Dec-2022 20:05:51 UTC] PHP Stack trace:
[08-Dec-2022 20:05:51 UTC] PHP   1. {main}() C:\Users\Instrutor\Local Sites\lamborghiniferrari\app\public\wp-admin\post.php:0
[08-Dec-2022 20:05:51 UTC] PHP   2. require_once() C:\Users\Instrutor\Local Sites\lamborghiniferrari\app\public\wp-admin\post.php:12
[08-Dec-2022 20:05:51 UTC] PHP   3. do_action() C:\Users\Instrutor\Local Sites\lamborghiniferrari\app\public\wp-admin\admin.php:419
[08-Dec-2022 20:05:51 UTC] PHP   4. WP_Hook->do_action() C:\Users\Instrutor\Local Sites\lamborghiniferrari\app\public\wp-includes\plugin.php:517
[08-Dec-2022 20:05:51 UTC] PHP   5. WP_Hook->apply_filters() C:\Users\Instrutor\Local Sites\lamborghiniferrari\app\public\wp-includes\class-wp-hook.php:332
[08-Dec-2022 20:05:51 UTC] PHP   6. Elementor\Core\Editor\Editor->init() C:\Users\Instrutor\Local Sites\lamborghiniferrari\app\public\wp-includes\class-wp-hook.php:308
[08-Dec-2022 20:05:51 UTC] PHP   7. Elementor\Core\Editor\Editor->print_editor_template() C:\Users\Instrutor\Local Sites\lamborghiniferrari\app\public\wp-content\plugins\elementor\core\editor\editor.php:163
[08-Dec-2022 20:05:51 UTC] PHP   8. include() C:\Users\Instrutor\Local Sites\lamborghiniferrari\app\public\wp-content\plugins\elementor\core\editor\editor.php:322
[08-Dec-2022 20:05:51 UTC] PHP   9. wp_head() C:\Users\Instrutor\Local Sites\lamborghiniferrari\app\public\wp-content\plugins\elementor\includes\editor-templates\editor-wrapper.php:31
[08-Dec-2022 20:05:51 UTC] PHP  10. do_action() C:\Users\Instrutor\Local Sites\lamborghiniferrari\app\public\wp-includes\general-template.php:3043
[08-Dec-2022 20:05:51 UTC] PHP  11. WP_Hook->do_action() C:\Users\Instrutor\Local Sites\lamborghiniferrari\app\public\wp-includes\plugin.php:517
[08-Dec-2022 20:05:51 UTC] PHP  12. WP_Hook->apply_filters() C:\Users\Instrutor\Local Sites\lamborghiniferrari\app\public\wp-includes\class-wp-hook.php:332
[08-Dec-2022 20:05:51 UTC] PHP  13. wp_enqueue_scripts() C:\Users\Instrutor\Local Sites\lamborghiniferrari\app\public\wp-includes\class-wp-hook.php:308
[08-Dec-2022 20:05:51 UTC] PHP  14. do_action() C:\Users\Instrutor\Local Sites\lamborghiniferrari\app\public\wp-includes\script-loader.php:2180
[08-Dec-2022 20:05:51 UTC] PHP  15. WP_Hook->do_action() C:\Users\Instrutor\Local Sites\lamborghiniferrari\app\public\wp-includes\plugin.php:517
[08-Dec-2022 20:05:51 UTC] PHP  16. WP_Hook->apply_filters() C:\Users\Instrutor\Local Sites\lamborghiniferrari\app\public\wp-includes\class-wp-hook.php:332
[08-Dec-2022 20:05:51 UTC] PHP  17. Elementor\Core\Editor\Editor->enqueue_scripts() C:\Users\Instrutor\Local Sites\lamborghiniferrari\app\public\wp-includes\class-wp-hook.php:308
[08-Dec-2022 20:05:51 UTC] PHP  18. Elementor\Core\DocumentTypes\Post->get_config() C:\Users\Instrutor\Local Sites\lamborghiniferrari\app\public\wp-content\plugins\elementor\core\editor\editor.php:527
[08-Dec-2022 20:05:51 UTC] PHP  19. Elementor\Core\DocumentTypes\Post->get_initial_config() C:\Users\Instrutor\Local Sites\lamborghiniferrari\app\public\wp-content\plugins\elementor\includes\base\controls-stack.php:1019
[08-Dec-2022 20:05:51 UTC] PHP  20. Elementor\Widgets_Manager->get_widget_types_config() C:\Users\Instrutor\Local Sites\lamborghiniferrari\app\public\wp-content\plugins\elementor\core\base\document.php:633
[08-Dec-2022 20:05:51 UTC] PHP  21. Elementor\Widgets_Manager->get_widget_types() C:\Users\Instrutor\Local Sites\lamborghiniferrari\app\public\wp-content\plugins\elementor\includes\managers\widgets.php:333
[08-Dec-2022 20:05:51 UTC] PHP  22. Elementor\Widgets_Manager->init_widgets() C:\Users\Instrutor\Local Sites\lamborghiniferrari\app\public\wp-content\plugins\elementor\includes\managers\widgets.php:310
[08-Dec-2022 20:05:51 UTC] PHP  23. Elementor\Modules\DevTools\Deprecation->do_deprecated_action() C:\Users\Instrutor\Local Sites\lamborghiniferrari\app\public\wp-content\plugins\elementor\includes\managers\widgets.php:107
[08-Dec-2022 20:05:51 UTC] PHP  24. do_action_ref_array() C:\Users\Instrutor\Local Sites\lamborghiniferrari\app\public\wp-content\plugins\elementor\modules\dev-tools\deprecation.php:331
[08-Dec-2022 20:05:51 UTC] PHP  25. WP_Hook->do_action() C:\Users\Instrutor\Local Sites\lamborghiniferrari\app\public\wp-includes\plugin.php:565
[08-Dec-2022 20:05:51 UTC] PHP  26. WP_Hook->apply_filters() C:\Users\Instrutor\Local Sites\lamborghiniferrari\app\public\wp-includes\class-wp-hook.php:332
[08-Dec-2022 20:05:51 UTC] PHP  27. tfsel_widget_register() C:\Users\Instrutor\Local Sites\lamborghiniferrari\app\public\wp-includes\class-wp-hook.php:308
[08-Dec-2022 20:05:51 UTC] PHP Fatal error:  require_once(): Failed opening required 'C:\Users\Instrutor\Local Sites\lamborghiniferrari\app\public\wp-content\plugins\touch-fashion-slider-elementor-addon/widgets/hero-slider-3-widget.php' (include_path='.:/usr/share/php:/www/wp-content/pear') in C:\Users\Instrutor\Local Sites\lamborghiniferrari\app\public\wp-content\plugins\touch-fashion-slider-elementor-addon\tfsel-touch-fashion-slider.php on line 60
[08-Dec-2022 20:05:51 UTC] PHP Stack trace:
[08-Dec-2022 20:05:51 UTC] PHP   1. {main}() C:\Users\Instrutor\Local Sites\lamborghiniferrari\app\public\wp-admin\post.php:0
[08-Dec-2022 20:05:51 UTC] PHP   2. require_once() C:\Users\Instrutor\Local Sites\lamborghiniferrari\app\public\wp-admin\post.php:12
[08-Dec-2022 20:05:51 UTC] PHP   3. do_action() C:\Users\Instrutor\Local Sites\lamborghiniferrari\app\public\wp-admin\admin.php:419
[08-Dec-2022 20:05:51 UTC] PHP   4. WP_Hook->do_action() C:\Users\Instrutor\Local Sites\lamborghiniferrari\app\public\wp-includes\plugin.php:517
[08-Dec-2022 20:05:51 UTC] PHP   5. WP_Hook->apply_filters() C:\Users\Instrutor\Local Sites\lamborghiniferrari\app\public\wp-includes\class-wp-hook.php:332
[08-Dec-2022 20:05:51 UTC] PHP   6. Elementor\Core\Editor\Editor->init() C:\Users\Instrutor\Local Sites\lamborghiniferrari\app\public\wp-includes\class-wp-hook.php:308
[08-Dec-2022 20:05:51 UTC] PHP   7. Elementor\Core\Editor\Editor->print_editor_template() C:\Users\Instrutor\Local Sites\lamborghiniferrari\app\public\wp-content\plugins\elementor\core\editor\editor.php:163
[08-Dec-2022 20:05:51 UTC] PHP   8. include() C:\Users\Instrutor\Local Sites\lamborghiniferrari\app\public\wp-content\plugins\elementor\core\editor\editor.php:322
[08-Dec-2022 20:05:51 UTC] PHP   9. wp_head() C:\Users\Instrutor\Local Sites\lamborghiniferrari\app\public\wp-content\plugins\elementor\includes\editor-templates\editor-wrapper.php:31
[08-Dec-2022 20:05:51 UTC] PHP  10. do_action() C:\Users\Instrutor\Local Sites\lamborghiniferrari\app\public\wp-includes\general-template.php:3043
[08-Dec-2022 20:05:51 UTC] PHP  11. WP_Hook->do_action() C:\Users\Instrutor\Local Sites\lamborghiniferrari\app\public\wp-includes\plugin.php:517
[08-Dec-2022 20:05:51 UTC] PHP  12. WP_Hook->apply_filters() C:\Users\Instrutor\Local Sites\lamborghiniferrari\app\public\wp-includes\class-wp-hook.php:332
[08-Dec-2022 20:05:51 UTC] PHP  13. wp_enqueue_scripts() C:\Users\Instrutor\Local Sites\lamborghiniferrari\app\public\wp-includes\class-wp-hook.php:308
[08-Dec-2022 20:05:51 UTC] PHP  14. do_action() C:\Users\Instrutor\Local Sites\lamborghiniferrari\app\public\wp-includes\script-loader.php:2180
[08-Dec-2022 20:05:51 UTC] PHP  15. WP_Hook->do_action() C:\Users\Instrutor\Local Sites\lamborghiniferrari\app\public\wp-includes\plugin.php:517
[08-Dec-2022 20:05:51 UTC] PHP  16. WP_Hook->apply_filters() C:\Users\Instrutor\Local Sites\lamborghiniferrari\app\public\wp-includes\class-wp-hook.php:332
[08-Dec-2022 20:05:51 UTC] PHP  17. Elementor\Core\Editor\Editor->enqueue_scripts() C:\Users\Instrutor\Local Sites\lamborghiniferrari\app\public\wp-includes\class-wp-hook.php:308
[08-Dec-2022 20:05:51 UTC] PHP  18. Elementor\Core\DocumentTypes\Post->get_config() C:\Users\Instrutor\Local Sites\lamborghiniferrari\app\public\wp-content\plugins\elementor\core\editor\editor.php:527
[08-Dec-2022 20:05:51 UTC] PHP  19. Elementor\Core\DocumentTypes\Post->get_initial_config() C:\Users\Instrutor\Local Sites\lamborghiniferrari\app\public\wp-content\plugins\elementor\includes\base\controls-stack.php:1019
[08-Dec-2022 20:05:51 UTC] PHP  20. Elementor\Widgets_Manager->get_widget_types_config() C:\Users\Instrutor\Local Sites\lamborghiniferrari\app\public\wp-content\plugins\elementor\core\base\document.php:633
[08-Dec-2022 20:05:51 UTC] PHP  21. Elementor\Widgets_Manager->get_widget_types() C:\Users\Instrutor\Local Sites\lamborghiniferrari\app\public\wp-content\plugins\elementor\includes\managers\widgets.php:333
[08-Dec-2022 20:05:51 UTC] PHP  22. Elementor\Widgets_Manager->init_widgets() C:\Users\Instrutor\Local Sites\lamborghiniferrari\app\public\wp-content\plugins\elementor\includes\managers\widgets.php:310
[08-Dec-2022 20:05:51 UTC] PHP  23. Elementor\Modules\DevTools\Deprecation->do_deprecated_action() C:\Users\Instrutor\Local Sites\lamborghiniferrari\app\public\wp-content\plugins\elementor\includes\managers\widgets.php:107
[08-Dec-2022 20:05:51 UTC] PHP  24. do_action_ref_array() C:\Users\Instrutor\Local Sites\lamborghiniferrari\app\public\wp-content\plugins\elementor\modules\dev-tools\deprecation.php:331
[08-Dec-2022 20:05:51 UTC] PHP  25. WP_Hook->do_action() C:\Users\Instrutor\Local Sites\lamborghiniferrari\app\public\wp-includes\plugin.php:565
[08-Dec-2022 20:05:51 UTC] PHP  26. WP_Hook->apply_filters() C:\Users\Instrutor\Local Sites\lamborghiniferrari\app\public\wp-includes\class-wp-hook.php:332
[08-Dec-2022 20:05:51 UTC] PHP  27. tfsel_widget_register() C:\Users\Instrutor\Local Sites\lamborghiniferrari\app\public\wp-includes\class-wp-hook.php:308
[08-Dec-2022 20:06:06 UTC] PHP Warning:  require_once(C:\Users\Instrutor\Local Sites\lamborghiniferrari\app\public\wp-content\plugins\touch-fashion-slider-elementor-addon/widgets/hero-slider-3-widget.php): failed to open stream: No such file or directory in C:\Users\Instrutor\Local Sites\lamborghiniferrari\app\public\wp-content\plugins\touch-fashion-slider-elementor-addon\tfsel-touch-fashion-slider.php on line 60
[08-Dec-2022 20:06:06 UTC] PHP Stack trace:
[08-Dec-2022 20:06:06 UTC] PHP   1. {main}() C:\Users\Instrutor\Local Sites\lamborghiniferrari\app\public\wp-admin\post.php:0
[08-Dec-2022 20:06:06 UTC] PHP   2. require_once() C:\Users\Instrutor\Local Sites\lamborghiniferrari\app\public\wp-admin\post.php:12
[08-Dec-2022 20:06:06 UTC] PHP   3. do_action() C:\Users\Instrutor\Local Sites\lamborghiniferrari\app\public\wp-admin\admin.php:419
[08-Dec-2022 20:06:06 UTC] PHP   4. WP_Hook->do_action() C:\Users\Instrutor\Local Sites\lamborghiniferrari\app\public\wp-includes\plugin.php:517
[08-Dec-2022 20:06:06 UTC] PHP   5. WP_Hook->apply_filters() C:\Users\Instrutor\Local Sites\lamborghiniferrari\app\public\wp-includes\class-wp-hook.php:332
[08-Dec-2022 20:06:06 UTC] PHP   6. Elementor\Core\Editor\Editor->init() C:\Users\Instrutor\Local Sites\lamborghiniferrari\app\public\wp-includes\class-wp-hook.php:308
[08-Dec-2022 20:06:06 UTC] PHP   7. Elementor\Core\Editor\Editor->print_editor_template() C:\Users\Instrutor\Local Sites\lamborghiniferrari\app\public\wp-content\plugins\elementor\core\editor\editor.php:163
[08-Dec-2022 20:06:06 UTC] PHP   8. include() C:\Users\Instrutor\Local Sites\lamborghiniferrari\app\public\wp-content\plugins\elementor\core\editor\editor.php:322
[08-Dec-2022 20:06:06 UTC] PHP   9. wp_head() C:\Users\Instrutor\Local Sites\lamborghiniferrari\app\public\wp-content\plugins\elementor\includes\editor-templates\editor-wrapper.php:31
[08-Dec-2022 20:06:06 UTC] PHP  10. do_action() C:\Users\Instrutor\Local Sites\lamborghiniferrari\app\public\wp-includes\general-template.php:3043
[08-Dec-2022 20:06:06 UTC] PHP  11. WP_Hook->do_action() C:\Users\Instrutor\Local Sites\lamborghiniferrari\app\public\wp-includes\plugin.php:517
[08-Dec-2022 20:06:06 UTC] PHP  12. WP_Hook->apply_filters() C:\Users\Instrutor\Local Sites\lamborghiniferrari\app\public\wp-includes\class-wp-hook.php:332
[08-Dec-2022 20:06:06 UTC] PHP  13. wp_enqueue_scripts() C:\Users\Instrutor\Local Sites\lamborghiniferrari\app\public\wp-includes\class-wp-hook.php:308
[08-Dec-2022 20:06:06 UTC] PHP  14. do_action() C:\Users\Instrutor\Local Sites\lamborghiniferrari\app\public\wp-includes\script-loader.php:2180
[08-Dec-2022 20:06:06 UTC] PHP  15. WP_Hook->do_action() C:\Users\Instrutor\Local Sites\lamborghiniferrari\app\public\wp-includes\plugin.php:517
[08-Dec-2022 20:06:06 UTC] PHP  16. WP_Hook->apply_filters() C:\Users\Instrutor\Local Sites\lamborghiniferrari\app\public\wp-includes\class-wp-hook.php:332
[08-Dec-2022 20:06:06 UTC] PHP  17. Elementor\Core\Editor\Editor->enqueue_scripts() C:\Users\Instrutor\Local Sites\lamborghiniferrari\app\public\wp-includes\class-wp-hook.php:308
[08-Dec-2022 20:06:06 UTC] PHP  18. Elementor\Core\DocumentTypes\Post->get_config() C:\Users\Instrutor\Local Sites\lamborghiniferrari\app\public\wp-content\plugins\elementor\core\editor\editor.php:527
[08-Dec-2022 20:06:06 UTC] PHP  19. Elementor\Core\DocumentTypes\Post->get_initial_config() C:\Users\Instrutor\Local Sites\lamborghiniferrari\app\public\wp-content\plugins\elementor\includes\base\controls-stack.php:1019
[08-Dec-2022 20:06:06 UTC] PHP  20. Elementor\Widgets_Manager->get_widget_types_config() C:\Users\Instrutor\Local Sites\lamborghiniferrari\app\public\wp-content\plugins\elementor\core\base\document.php:633
[08-Dec-2022 20:06:06 UTC] PHP  21. Elementor\Widgets_Manager->get_widget_types() C:\Users\Instrutor\Local Sites\lamborghiniferrari\app\public\wp-content\plugins\elementor\includes\managers\widgets.php:333
[08-Dec-2022 20:06:06 UTC] PHP  22. Elementor\Widgets_Manager->init_widgets() C:\Users\Instrutor\Local Sites\lamborghiniferrari\app\public\wp-content\plugins\elementor\includes\managers\widgets.php:310
[08-Dec-2022 20:06:06 UTC] PHP  23. Elementor\Modules\DevTools\Deprecation->do_deprecated_action() C:\Users\Instrutor\Local Sites\lamborghiniferrari\app\public\wp-content\plugins\elementor\includes\managers\widgets.php:107
[08-Dec-2022 20:06:06 UTC] PHP  24. do_action_ref_array() C:\Users\Instrutor\Local Sites\lamborghiniferrari\app\public\wp-content\plugins\elementor\modules\dev-tools\deprecation.php:331
[08-Dec-2022 20:06:06 UTC] PHP  25. WP_Hook->do_action() C:\Users\Instrutor\Local Sites\lamborghiniferrari\app\public\wp-includes\plugin.php:565
[08-Dec-2022 20:06:06 UTC] PHP  26. WP_Hook->apply_filters() C:\Users\Instrutor\Local Sites\lamborghiniferrari\app\public\wp-includes\class-wp-hook.php:332
[08-Dec-2022 20:06:06 UTC] PHP  27. tfsel_widget_register() C:\Users\Instrutor\Local Sites\lamborghiniferrari\app\public\wp-includes\class-wp-hook.php:308
[08-Dec-2022 20:06:06 UTC] PHP Fatal error:  require_once(): Failed opening required 'C:\Users\Instrutor\Local Sites\lamborghiniferrari\app\public\wp-content\plugins\touch-fashion-slider-elementor-addon/widgets/hero-slider-3-widget.php' (include_path='.:/usr/share/php:/www/wp-content/pear') in C:\Users\Instrutor\Local Sites\lamborghiniferrari\app\public\wp-content\plugins\touch-fashion-slider-elementor-addon\tfsel-touch-fashion-slider.php on line 60
[08-Dec-2022 20:06:06 UTC] PHP Stack trace:
[08-Dec-2022 20:06:06 UTC] PHP   1. {main}() C:\Users\Instrutor\Local Sites\lamborghiniferrari\app\public\wp-admin\post.php:0
[08-Dec-2022 20:06:06 UTC] PHP   2. require_once() C:\Users\Instrutor\Local Sites\lamborghiniferrari\app\public\wp-admin\post.php:12
[08-Dec-2022 20:06:06 UTC] PHP   3. do_action() C:\Users\Instrutor\Local Sites\lamborghiniferrari\app\public\wp-admin\admin.php:419
[08-Dec-2022 20:06:06 UTC] PHP   4. WP_Hook->do_action() C:\Users\Instrutor\Local Sites\lamborghiniferrari\app\public\wp-includes\plugin.php:517
[08-Dec-2022 20:06:06 UTC] PHP   5. WP_Hook->apply_filters() C:\Users\Instrutor\Local Sites\lamborghiniferrari\app\public\wp-includes\class-wp-hook.php:332
[08-Dec-2022 20:06:06 UTC] PHP   6. Elementor\Core\Editor\Editor->init() C:\Users\Instrutor\Local Sites\lamborghiniferrari\app\public\wp-includes\class-wp-hook.php:308
[08-Dec-2022 20:06:06 UTC] PHP   7. Elementor\Core\Editor\Editor->print_editor_template() C:\Users\Instrutor\Local Sites\lamborghiniferrari\app\public\wp-content\plugins\elementor\core\editor\editor.php:163
[08-Dec-2022 20:06:06 UTC] PHP   8. include() C:\Users\Instrutor\Local Sites\lamborghiniferrari\app\public\wp-content\plugins\elementor\core\editor\editor.php:322
[08-Dec-2022 20:06:06 UTC] PHP   9. wp_head() C:\Users\Instrutor\Local Sites\lamborghiniferrari\app\public\wp-content\plugins\elementor\includes\editor-templates\editor-wrapper.php:31
[08-Dec-2022 20:06:06 UTC] PHP  10. do_action() C:\Users\Instrutor\Local Sites\lamborghiniferrari\app\public\wp-includes\general-template.php:3043
[08-Dec-2022 20:06:06 UTC] PHP  11. WP_Hook->do_action() C:\Users\Instrutor\Local Sites\lamborghiniferrari\app\public\wp-includes\plugin.php:517
[08-Dec-2022 20:06:06 UTC] PHP  12. WP_Hook->apply_filters() C:\Users\Instrutor\Local Sites\lamborghiniferrari\app\public\wp-includes\class-wp-hook.php:332
[08-Dec-2022 20:06:06 UTC] PHP  13. wp_enqueue_scripts() C:\Users\Instrutor\Local Sites\lamborghiniferrari\app\public\wp-includes\class-wp-hook.php:308
[08-Dec-2022 20:06:06 UTC] PHP  14. do_action() C:\Users\Instrutor\Local Sites\lamborghiniferrari\app\public\wp-includes\script-loader.php:2180
[08-Dec-2022 20:06:06 UTC] PHP  15. WP_Hook->do_action() C:\Users\Instrutor\Local Sites\lamborghiniferrari\app\public\wp-includes\plugin.php:517
[08-Dec-2022 20:06:06 UTC] PHP  16. WP_Hook->apply_filters() C:\Users\Instrutor\Local Sites\lamborghiniferrari\app\public\wp-includes\class-wp-hook.php:332
[08-Dec-2022 20:06:06 UTC] PHP  17. Elementor\Core\Editor\Editor->enqueue_scripts() C:\Users\Instrutor\Local Sites\lamborghiniferrari\app\public\wp-includes\class-wp-hook.php:308
[08-Dec-2022 20:06:06 UTC] PHP  18. Elementor\Core\DocumentTypes\Post->get_config() C:\Users\Instrutor\Local Sites\lamborghiniferrari\app\public\wp-content\plugins\elementor\core\editor\editor.php:527
[08-Dec-2022 20:06:06 UTC] PHP  19. Elementor\Core\DocumentTypes\Post->get_initial_config() C:\Users\Instrutor\Local Sites\lamborghiniferrari\app\public\wp-content\plugins\elementor\includes\base\controls-stack.php:1019
[08-Dec-2022 20:06:06 UTC] PHP  20. Elementor\Widgets_Manager->get_widget_types_config() C:\Users\Instrutor\Local Sites\lamborghiniferrari\app\public\wp-content\plugins\elementor\core\base\document.php:633
[08-Dec-2022 20:06:06 UTC] PHP  21. Elementor\Widgets_Manager->get_widget_types() C:\Users\Instrutor\Local Sites\lamborghiniferrari\app\public\wp-content\plugins\elementor\includes\managers\widgets.php:333
[08-Dec-2022 20:06:06 UTC] PHP  22. Elementor\Widgets_Manager->init_widgets() C:\Users\Instrutor\Local Sites\lamborghiniferrari\app\public\wp-content\plugins\elementor\includes\managers\widgets.php:310
[08-Dec-2022 20:06:06 UTC] PHP  23. Elementor\Modules\DevTools\Deprecation->do_deprecated_action() C:\Users\Instrutor\Local Sites\lamborghiniferrari\app\public\wp-content\plugins\elementor\includes\managers\widgets.php:107
[08-Dec-2022 20:06:06 UTC] PHP  24. do_action_ref_array() C:\Users\Instrutor\Local Sites\lamborghiniferrari\app\public\wp-content\plugins\elementor\modules\dev-tools\deprecation.php:331
[08-Dec-2022 20:06:06 UTC] PHP  25. WP_Hook->do_action() C:\Users\Instrutor\Local Sites\lamborghiniferrari\app\public\wp-includes\plugin.php:565
[08-Dec-2022 20:06:06 UTC] PHP  26. WP_Hook->apply_filters() C:\Users\Instrutor\Local Sites\lamborghiniferrari\app\public\wp-includes\class-wp-hook.php:332
[08-Dec-2022 20:06:06 UTC] PHP  27. tfsel_widget_register() C:\Users\Instrutor\Local Sites\lamborghiniferrari\app\public\wp-includes\class-wp-hook.php:308
[08-Dec-2022 20:06:08 UTC] PHP Warning:  require_once(C:\Users\Instrutor\Local Sites\lamborghiniferrari\app\public\wp-content\plugins\touch-fashion-slider-elementor-addon/widgets/hero-slider-3-widget.php): failed to open stream: No such file or directory in C:\Users\Instrutor\Local Sites\lamborghiniferrari\app\public\wp-content\plugins\touch-fashion-slider-elementor-addon\tfsel-touch-fashion-slider.php on line 60
[08-Dec-2022 20:06:08 UTC] PHP Stack trace:
[08-Dec-2022 20:06:08 UTC] PHP   1. {main}() C:\Users\Instrutor\Local Sites\lamborghiniferrari\app\public\wp-admin\post.php:0
[08-Dec-2022 20:06:08 UTC] PHP   2. require_once() C:\Users\Instrutor\Local Sites\lamborghiniferrari\app\public\wp-admin\post.php:12
[08-Dec-2022 20:06:08 UTC] PHP   3. do_action() C:\Users\Instrutor\Local Sites\lamborghiniferrari\app\public\wp-admin\admin.php:419
[08-Dec-2022 20:06:08 UTC] PHP   4. WP_Hook->do_action() C:\Users\Instrutor\Local Sites\lamborghiniferrari\app\public\wp-includes\plugin.php:517
[08-Dec-2022 20:06:08 UTC] PHP   5. WP_Hook->apply_filters() C:\Users\Instrutor\Local Sites\lamborghiniferrari\app\public\wp-includes\class-wp-hook.php:332
[08-Dec-2022 20:06:08 UTC] PHP   6. Elementor\Core\Editor\Editor->init() C:\Users\Instrutor\Local Sites\lamborghiniferrari\app\public\wp-includes\class-wp-hook.php:308
[08-Dec-2022 20:06:08 UTC] PHP   7. Elementor\Core\Editor\Editor->print_editor_template() C:\Users\Instrutor\Local Sites\lamborghiniferrari\app\public\wp-content\plugins\elementor\core\editor\editor.php:163
[08-Dec-2022 20:06:08 UTC] PHP   8. include() C:\Users\Instrutor\Local Sites\lamborghiniferrari\app\public\wp-content\plugins\elementor\core\editor\editor.php:322
[08-Dec-2022 20:06:08 UTC] PHP   9. wp_head() C:\Users\Instrutor\Local Sites\lamborghiniferrari\app\public\wp-content\plugins\elementor\includes\editor-templates\editor-wrapper.php:31
[08-Dec-2022 20:06:08 UTC] PHP  10. do_action() C:\Users\Instrutor\Local Sites\lamborghiniferrari\app\public\wp-includes\general-template.php:3043
[08-Dec-2022 20:06:08 UTC] PHP  11. WP_Hook->do_action() C:\Users\Instrutor\Local Sites\lamborghiniferrari\app\public\wp-includes\plugin.php:517
[08-Dec-2022 20:06:08 UTC] PHP  12. WP_Hook->apply_filters() C:\Users\Instrutor\Local Sites\lamborghiniferrari\app\public\wp-includes\class-wp-hook.php:332
[08-Dec-2022 20:06:08 UTC] PHP  13. wp_enqueue_scripts() C:\Users\Instrutor\Local Sites\lamborghiniferrari\app\public\wp-includes\class-wp-hook.php:308
[08-Dec-2022 20:06:08 UTC] PHP  14. do_action() C:\Users\Instrutor\Local Sites\lamborghiniferrari\app\public\wp-includes\script-loader.php:2180
[08-Dec-2022 20:06:08 UTC] PHP  15. WP_Hook->do_action() C:\Users\Instrutor\Local Sites\lamborghiniferrari\app\public\wp-includes\plugin.php:517
[08-Dec-2022 20:06:08 UTC] PHP  16. WP_Hook->apply_filters() C:\Users\Instrutor\Local Sites\lamborghiniferrari\app\public\wp-includes\class-wp-hook.php:332
[08-Dec-2022 20:06:08 UTC] PHP  17. Elementor\Core\Editor\Editor->enqueue_scripts() C:\Users\Instrutor\Local Sites\lamborghiniferrari\app\public\wp-includes\class-wp-hook.php:308
[08-Dec-2022 20:06:08 UTC] PHP  18. Elementor\Core\DocumentTypes\Post->get_config() C:\Users\Instrutor\Local Sites\lamborghiniferrari\app\public\wp-content\plugins\elementor\core\editor\editor.php:527
[08-Dec-2022 20:06:08 UTC] PHP  19. Elementor\Core\DocumentTypes\Post->get_initial_config() C:\Users\Instrutor\Local Sites\lamborghiniferrari\app\public\wp-content\plugins\elementor\includes\base\controls-stack.php:1019
[08-Dec-2022 20:06:08 UTC] PHP  20. Elementor\Widgets_Manager->get_widget_types_config() C:\Users\Instrutor\Local Sites\lamborghiniferrari\app\public\wp-content\plugins\elementor\core\base\document.php:633
[08-Dec-2022 20:06:08 UTC] PHP  21. Elementor\Widgets_Manager->get_widget_types() C:\Users\Instrutor\Local Sites\lamborghiniferrari\app\public\wp-content\plugins\elementor\includes\managers\widgets.php:333
[08-Dec-2022 20:06:08 UTC] PHP  22. Elementor\Widgets_Manager->init_widgets() C:\Users\Instrutor\Local Sites\lamborghiniferrari\app\public\wp-content\plugins\elementor\includes\managers\widgets.php:310
[08-Dec-2022 20:06:08 UTC] PHP  23. Elementor\Modules\DevTools\Deprecation->do_deprecated_action() C:\Users\Instrutor\Local Sites\lamborghiniferrari\app\public\wp-content\plugins\elementor\includes\managers\widgets.php:107
[08-Dec-2022 20:06:08 UTC] PHP  24. do_action_ref_array() C:\Users\Instrutor\Local Sites\lamborghiniferrari\app\public\wp-content\plugins\elementor\modules\dev-tools\deprecation.php:331
[08-Dec-2022 20:06:08 UTC] PHP  25. WP_Hook->do_action() C:\Users\Instrutor\Local Sites\lamborghiniferrari\app\public\wp-includes\plugin.php:565
[08-Dec-2022 20:06:08 UTC] PHP  26. WP_Hook->apply_filters() C:\Users\Instrutor\Local Sites\lamborghiniferrari\app\public\wp-includes\class-wp-hook.php:332
[08-Dec-2022 20:06:08 UTC] PHP  27. tfsel_widget_register() C:\Users\Instrutor\Local Sites\lamborghiniferrari\app\public\wp-includes\class-wp-hook.php:308
[08-Dec-2022 20:06:08 UTC] PHP Fatal error:  require_once(): Failed opening required 'C:\Users\Instrutor\Local Sites\lamborghiniferrari\app\public\wp-content\plugins\touch-fashion-slider-elementor-addon/widgets/hero-slider-3-widget.php' (include_path='.:/usr/share/php:/www/wp-content/pear') in C:\Users\Instrutor\Local Sites\lamborghiniferrari\app\public\wp-content\plugins\touch-fashion-slider-elementor-addon\tfsel-touch-fashion-slider.php on line 60
[08-Dec-2022 20:06:08 UTC] PHP Stack trace:
[08-Dec-2022 20:06:08 UTC] PHP   1. {main}() C:\Users\Instrutor\Local Sites\lamborghiniferrari\app\public\wp-admin\post.php:0
[08-Dec-2022 20:06:08 UTC] PHP   2. require_once() C:\Users\Instrutor\Local Sites\lamborghiniferrari\app\public\wp-admin\post.php:12
[08-Dec-2022 20:06:08 UTC] PHP   3. do_action() C:\Users\Instrutor\Local Sites\lamborghiniferrari\app\public\wp-admin\admin.php:419
[08-Dec-2022 20:06:08 UTC] PHP   4. WP_Hook->do_action() C:\Users\Instrutor\Local Sites\lamborghiniferrari\app\public\wp-includes\plugin.php:517
[08-Dec-2022 20:06:08 UTC] PHP   5. WP_Hook->apply_filters() C:\Users\Instrutor\Local Sites\lamborghiniferrari\app\public\wp-includes\class-wp-hook.php:332
[08-Dec-2022 20:06:08 UTC] PHP   6. Elementor\Core\Editor\Editor->init() C:\Users\Instrutor\Local Sites\lamborghiniferrari\app\public\wp-includes\class-wp-hook.php:308
[08-Dec-2022 20:06:08 UTC] PHP   7. Elementor\Core\Editor\Editor->print_editor_template() C:\Users\Instrutor\Local Sites\lamborghiniferrari\app\public\wp-content\plugins\elementor\core\editor\editor.php:163
[08-Dec-2022 20:06:08 UTC] PHP   8. include() C:\Users\Instrutor\Local Sites\lamborghiniferrari\app\public\wp-content\plugins\elementor\core\editor\editor.php:322
[08-Dec-2022 20:06:08 UTC] PHP   9. wp_head() C:\Users\Instrutor\Local Sites\lamborghiniferrari\app\public\wp-content\plugins\elementor\includes\editor-templates\editor-wrapper.php:31
[08-Dec-2022 20:06:08 UTC] PHP  10. do_action() C:\Users\Instrutor\Local Sites\lamborghiniferrari\app\public\wp-includes\general-template.php:3043
[08-Dec-2022 20:06:08 UTC] PHP  11. WP_Hook->do_action() C:\Users\Instrutor\Local Sites\lamborghiniferrari\app\public\wp-includes\plugin.php:517
[08-Dec-2022 20:06:08 UTC] PHP  12. WP_Hook->apply_filters() C:\Users\Instrutor\Local Sites\lamborghiniferrari\app\public\wp-includes\class-wp-hook.php:332
[08-Dec-2022 20:06:08 UTC] PHP  13. wp_enqueue_scripts() C:\Users\Instrutor\Local Sites\lamborghiniferrari\app\public\wp-includes\class-wp-hook.php:308
[08-Dec-2022 20:06:08 UTC] PHP  14. do_action() C:\Users\Instrutor\Local Sites\lamborghiniferrari\app\public\wp-includes\script-loader.php:2180
[08-Dec-2022 20:06:08 UTC] PHP  15. WP_Hook->do_action() C:\Users\Instrutor\Local Sites\lamborghiniferrari\app\public\wp-includes\plugin.php:517
[08-Dec-2022 20:06:08 UTC] PHP  16. WP_Hook->apply_filters() C:\Users\Instrutor\Local Sites\lamborghiniferrari\app\public\wp-includes\class-wp-hook.php:332
[08-Dec-2022 20:06:08 UTC] PHP  17. Elementor\Core\Editor\Editor->enqueue_scripts() C:\Users\Instrutor\Local Sites\lamborghiniferrari\app\public\wp-includes\class-wp-hook.php:308
[08-Dec-2022 20:06:08 UTC] PHP  18. Elementor\Core\DocumentTypes\Post->get_config() C:\Users\Instrutor\Local Sites\lamborghiniferrari\app\public\wp-content\plugins\elementor\core\editor\editor.php:527
[08-Dec-2022 20:06:08 UTC] PHP  19. Elementor\Core\DocumentTypes\Post->get_initial_config() C:\Users\Instrutor\Local Sites\lamborghiniferrari\app\public\wp-content\plugins\elementor\includes\base\controls-stack.php:1019
[08-Dec-2022 20:06:08 UTC] PHP  20. Elementor\Widgets_Manager->get_widget_types_config() C:\Users\Instrutor\Local Sites\lamborghiniferrari\app\public\wp-content\plugins\elementor\core\base\document.php:633
[08-Dec-2022 20:06:08 UTC] PHP  21. Elementor\Widgets_Manager->get_widget_types() C:\Users\Instrutor\Local Sites\lamborghiniferrari\app\public\wp-content\plugins\elementor\includes\managers\widgets.php:333
[08-Dec-2022 20:06:08 UTC] PHP  22. Elementor\Widgets_Manager->init_widgets() C:\Users\Instrutor\Local Sites\lamborghiniferrari\app\public\wp-content\plugins\elementor\includes\managers\widgets.php:310
[08-Dec-2022 20:06:08 UTC] PHP  23. Elementor\Modules\DevTools\Deprecation->do_deprecated_action() C:\Users\Instrutor\Local Sites\lamborghiniferrari\app\public\wp-content\plugins\elementor\includes\managers\widgets.php:107
[08-Dec-2022 20:06:08 UTC] PHP  24. do_action_ref_array() C:\Users\Instrutor\Local Sites\lamborghiniferrari\app\public\wp-content\plugins\elementor\modules\dev-tools\deprecation.php:331
[08-Dec-2022 20:06:08 UTC] PHP  25. WP_Hook->do_action() C:\Users\Instrutor\Local Sites\lamborghiniferrari\app\public\wp-includes\plugin.php:565
[08-Dec-2022 20:06:08 UTC] PHP  26. WP_Hook->apply_filters() C:\Users\Instrutor\Local Sites\lamborghiniferrari\app\public\wp-includes\class-wp-hook.php:332
[08-Dec-2022 20:06:08 UTC] PHP  27. tfsel_widget_register() C:\Users\Instrutor\Local Sites\lamborghiniferrari\app\public\wp-includes\class-wp-hook.php:308
[08-Dec-2022 20:07:27 UTC] PHP Warning:  require_once(C:\Users\Instrutor\Local Sites\lamborghiniferrari\app\public\wp-content\plugins\touch-fashion-slider-elementor-addon/widgets/hero-slider-3-widget.php): failed to open stream: No such file or directory in C:\Users\Instrutor\Local Sites\lamborghiniferrari\app\public\wp-content\plugins\touch-fashion-slider-elementor-addon\tfsel-touch-fashion-slider.php on line 60
[08-Dec-2022 20:07:27 UTC] PHP Stack trace:
[08-Dec-2022 20:07:27 UTC] PHP   1. {main}() C:\Users\Instrutor\Local Sites\lamborghiniferrari\app\public\wp-admin\post.php:0
[08-Dec-2022 20:07:27 UTC] PHP   2. require_once() C:\Users\Instrutor\Local Sites\lamborghiniferrari\app\public\wp-admin\post.php:12
[08-Dec-2022 20:07:27 UTC] PHP   3. do_action() C:\Users\Instrutor\Local Sites\lamborghiniferrari\app\public\wp-admin\admin.php:419
[08-Dec-2022 20:07:27 UTC] PHP   4. WP_Hook->do_action() C:\Users\Instrutor\Local Sites\lamborghiniferrari\app\public\wp-includes\plugin.php:517
[08-Dec-2022 20:07:27 UTC] PHP   5. WP_Hook->apply_filters() C:\Users\Instrutor\Local Sites\lamborghiniferrari\app\public\wp-includes\class-wp-hook.php:332
[08-Dec-2022 20:07:27 UTC] PHP   6. Elementor\Core\Editor\Editor->init() C:\Users\Instrutor\Local Sites\lamborghiniferrari\app\public\wp-includes\class-wp-hook.php:308
[08-Dec-2022 20:07:27 UTC] PHP   7. Elementor\Core\Editor\Editor->print_editor_template() C:\Users\Instrutor\Local Sites\lamborghiniferrari\app\public\wp-content\plugins\elementor\core\editor\editor.php:163
[08-Dec-2022 20:07:27 UTC] PHP   8. include() C:\Users\Instrutor\Local Sites\lamborghiniferrari\app\public\wp-content\plugins\elementor\core\editor\editor.php:322
[08-Dec-2022 20:07:27 UTC] PHP   9. wp_head() C:\Users\Instrutor\Local Sites\lamborghiniferrari\app\public\wp-content\plugins\elementor\includes\editor-templates\editor-wrapper.php:31
[08-Dec-2022 20:07:27 UTC] PHP  10. do_action() C:\Users\Instrutor\Local Sites\lamborghiniferrari\app\public\wp-includes\general-template.php:3043
[08-Dec-2022 20:07:27 UTC] PHP  11. WP_Hook->do_action() C:\Users\Instrutor\Local Sites\lamborghiniferrari\app\public\wp-includes\plugin.php:517
[08-Dec-2022 20:07:27 UTC] PHP  12. WP_Hook->apply_filters() C:\Users\Instrutor\Local Sites\lamborghiniferrari\app\public\wp-includes\class-wp-hook.php:332
[08-Dec-2022 20:07:27 UTC] PHP  13. wp_enqueue_scripts() C:\Users\Instrutor\Local Sites\lamborghiniferrari\app\public\wp-includes\class-wp-hook.php:308
[08-Dec-2022 20:07:27 UTC] PHP  14. do_action() C:\Users\Instrutor\Local Sites\lamborghiniferrari\app\public\wp-includes\script-loader.php:2180
[08-Dec-2022 20:07:27 UTC] PHP  15. WP_Hook->do_action() C:\Users\Instrutor\Local Sites\lamborghiniferrari\app\public\wp-includes\plugin.php:517
[08-Dec-2022 20:07:27 UTC] PHP  16. WP_Hook->apply_filters() C:\Users\Instrutor\Local Sites\lamborghiniferrari\app\public\wp-includes\class-wp-hook.php:332
[08-Dec-2022 20:07:27 UTC] PHP  17. Elementor\Core\Editor\Editor->enqueue_scripts() C:\Users\Instrutor\Local Sites\lamborghiniferrari\app\public\wp-includes\class-wp-hook.php:308
[08-Dec-2022 20:07:27 UTC] PHP  18. Elementor\Core\DocumentTypes\Post->get_config() C:\Users\Instrutor\Local Sites\lamborghiniferrari\app\public\wp-content\plugins\elementor\core\editor\editor.php:527
[08-Dec-2022 20:07:27 UTC] PHP  19. Elementor\Core\DocumentTypes\Post->get_initial_config() C:\Users\Instrutor\Local Sites\lamborghiniferrari\app\public\wp-content\plugins\elementor\includes\base\controls-stack.php:1019
[08-Dec-2022 20:07:27 UTC] PHP  20. Elementor\Widgets_Manager->get_widget_types_config() C:\Users\Instrutor\Local Sites\lamborghiniferrari\app\public\wp-content\plugins\elementor\core\base\document.php:633
[08-Dec-2022 20:07:27 UTC] PHP  21. Elementor\Widgets_Manager->get_widget_types() C:\Users\Instrutor\Local Sites\lamborghiniferrari\app\public\wp-content\plugins\elementor\includes\managers\widgets.php:333
[08-Dec-2022 20:07:27 UTC] PHP  22. Elementor\Widgets_Manager->init_widgets() C:\Users\Instrutor\Local Sites\lamborghiniferrari\app\public\wp-content\plugins\elementor\includes\managers\widgets.php:310
[08-Dec-2022 20:07:27 UTC] PHP  23. Elementor\Modules\DevTools\Deprecation->do_deprecated_action() C:\Users\Instrutor\Local Sites\lamborghiniferrari\app\public\wp-content\plugins\elementor\includes\managers\widgets.php:107
[08-Dec-2022 20:07:27 UTC] PHP  24. do_action_ref_array() C:\Users\Instrutor\Local Sites\lamborghiniferrari\app\public\wp-content\plugins\elementor\modules\dev-tools\deprecation.php:331
[08-Dec-2022 20:07:27 UTC] PHP  25. WP_Hook->do_action() C:\Users\Instrutor\Local Sites\lamborghiniferrari\app\public\wp-includes\plugin.php:565
[08-Dec-2022 20:07:27 UTC] PHP  26. WP_Hook->apply_filters() C:\Users\Instrutor\Local Sites\lamborghiniferrari\app\public\wp-includes\class-wp-hook.php:332
[08-Dec-2022 20:07:27 UTC] PHP  27. tfsel_widget_register() C:\Users\Instrutor\Local Sites\lamborghiniferrari\app\public\wp-includes\class-wp-hook.php:308
[08-Dec-2022 20:07:27 UTC] PHP Fatal error:  require_once(): Failed opening required 'C:\Users\Instrutor\Local Sites\lamborghiniferrari\app\public\wp-content\plugins\touch-fashion-slider-elementor-addon/widgets/hero-slider-3-widget.php' (include_path='.:/usr/share/php:/www/wp-content/pear') in C:\Users\Instrutor\Local Sites\lamborghiniferrari\app\public\wp-content\plugins\touch-fashion-slider-elementor-addon\tfsel-touch-fashion-slider.php on line 60
[08-Dec-2022 20:07:27 UTC] PHP Stack trace:
[08-Dec-2022 20:07:27 UTC] PHP   1. {main}() C:\Users\Instrutor\Local Sites\lamborghiniferrari\app\public\wp-admin\post.php:0
[08-Dec-2022 20:07:27 UTC] PHP   2. require_once() C:\Users\Instrutor\Local Sites\lamborghiniferrari\app\public\wp-admin\post.php:12
[08-Dec-2022 20:07:27 UTC] PHP   3. do_action() C:\Users\Instrutor\Local Sites\lamborghiniferrari\app\public\wp-admin\admin.php:419
[08-Dec-2022 20:07:27 UTC] PHP   4. WP_Hook->do_action() C:\Users\Instrutor\Local Sites\lamborghiniferrari\app\public\wp-includes\plugin.php:517
[08-Dec-2022 20:07:27 UTC] PHP   5. WP_Hook->apply_filters() C:\Users\Instrutor\Local Sites\lamborghiniferrari\app\public\wp-includes\class-wp-hook.php:332
[08-Dec-2022 20:07:27 UTC] PHP   6. Elementor\Core\Editor\Editor->init() C:\Users\Instrutor\Local Sites\lamborghiniferrari\app\public\wp-includes\class-wp-hook.php:308
[08-Dec-2022 20:07:27 UTC] PHP   7. Elementor\Core\Editor\Editor->print_editor_template() C:\Users\Instrutor\Local Sites\lamborghiniferrari\app\public\wp-content\plugins\elementor\core\editor\editor.php:163
[08-Dec-2022 20:07:27 UTC] PHP   8. include() C:\Users\Instrutor\Local Sites\lamborghiniferrari\app\public\wp-content\plugins\elementor\core\editor\editor.php:322
[08-Dec-2022 20:07:27 UTC] PHP   9. wp_head() C:\Users\Instrutor\Local Sites\lamborghiniferrari\app\public\wp-content\plugins\elementor\includes\editor-templates\editor-wrapper.php:31
[08-Dec-2022 20:07:27 UTC] PHP  10. do_action() C:\Users\Instrutor\Local Sites\lamborghiniferrari\app\public\wp-includes\general-template.php:3043
[08-Dec-2022 20:07:27 UTC] PHP  11. WP_Hook->do_action() C:\Users\Instrutor\Local Sites\lamborghiniferrari\app\public\wp-includes\plugin.php:517
[08-Dec-2022 20:07:27 UTC] PHP  12. WP_Hook->apply_filters() C:\Users\Instrutor\Local Sites\lamborghiniferrari\app\public\wp-includes\class-wp-hook.php:332
[08-Dec-2022 20:07:27 UTC] PHP  13. wp_enqueue_scripts() C:\Users\Instrutor\Local Sites\lamborghiniferrari\app\public\wp-includes\class-wp-hook.php:308
[08-Dec-2022 20:07:27 UTC] PHP  14. do_action() C:\Users\Instrutor\Local Sites\lamborghiniferrari\app\public\wp-includes\script-loader.php:2180
[08-Dec-2022 20:07:27 UTC] PHP  15. WP_Hook->do_action() C:\Users\Instrutor\Local Sites\lamborghiniferrari\app\public\wp-includes\plugin.php:517
[08-Dec-2022 20:07:27 UTC] PHP  16. WP_Hook->apply_filters() C:\Users\Instrutor\Local Sites\lamborghiniferrari\app\public\wp-includes\class-wp-hook.php:332
[08-Dec-2022 20:07:27 UTC] PHP  17. Elementor\Core\Editor\Editor->enqueue_scripts() C:\Users\Instrutor\Local Sites\lamborghiniferrari\app\public\wp-includes\class-wp-hook.php:308
[08-Dec-2022 20:07:27 UTC] PHP  18. Elementor\Core\DocumentTypes\Post->get_config() C:\Users\Instrutor\Local Sites\lamborghiniferrari\app\public\wp-content\plugins\elementor\core\editor\editor.php:527
[08-Dec-2022 20:07:27 UTC] PHP  19. Elementor\Core\DocumentTypes\Post->get_initial_config() C:\Users\Instrutor\Local Sites\lamborghiniferrari\app\public\wp-content\plugins\elementor\includes\base\controls-stack.php:1019
[08-Dec-2022 20:07:27 UTC] PHP  20. Elementor\Widgets_Manager->get_widget_types_config() C:\Users\Instrutor\Local Sites\lamborghiniferrari\app\public\wp-content\plugins\elementor\core\base\document.php:633
[08-Dec-2022 20:07:27 UTC] PHP  21. Elementor\Widgets_Manager->get_widget_types() C:\Users\Instrutor\Local Sites\lamborghiniferrari\app\public\wp-content\plugins\elementor\includes\managers\widgets.php:333
[08-Dec-2022 20:07:27 UTC] PHP  22. Elementor\Widgets_Manager->init_widgets() C:\Users\Instrutor\Local Sites\lamborghiniferrari\app\public\wp-content\plugins\elementor\includes\managers\widgets.php:310
[08-Dec-2022 20:07:27 UTC] PHP  23. Elementor\Modules\DevTools\Deprecation->do_deprecated_action() C:\Users\Instrutor\Local Sites\lamborghiniferrari\app\public\wp-content\plugins\elementor\includes\managers\widgets.php:107
[08-Dec-2022 20:07:27 UTC] PHP  24. do_action_ref_array() C:\Users\Instrutor\Local Sites\lamborghiniferrari\app\public\wp-content\plugins\elementor\modules\dev-tools\deprecation.php:331
[08-Dec-2022 20:07:27 UTC] PHP  25. WP_Hook->do_action() C:\Users\Instrutor\Local Sites\lamborghiniferrari\app\public\wp-includes\plugin.php:565
[08-Dec-2022 20:07:27 UTC] PHP  26. WP_Hook->apply_filters() C:\Users\Instrutor\Local Sites\lamborghiniferrari\app\public\wp-includes\class-wp-hook.php:332
[08-Dec-2022 20:07:27 UTC] PHP  27. tfsel_widget_register() C:\Users\Instrutor\Local Sites\lamborghiniferrari\app\public\wp-includes\class-wp-hook.php:308
[08-Dec-2022 20:08:37 UTC] PHP Warning:  require_once(C:\Users\Instrutor\Local Sites\lamborghiniferrari\app\public\wp-content\plugins\touch-fashion-slider-elementor-addon/widgets/hero-slider-3-widget.php): failed to open stream: No such file or directory in C:\Users\Instrutor\Local Sites\lamborghiniferrari\app\public\wp-content\plugins\touch-fashion-slider-elementor-addon\tfsel-touch-fashion-slider.php on line 60
[08-Dec-2022 20:08:37 UTC] PHP Stack trace:
[08-Dec-2022 20:08:37 UTC] PHP   1. {main}() C:\Users\Instrutor\Local Sites\lamborghiniferrari\app\public\wp-admin\post.php:0
[08-Dec-2022 20:08:37 UTC] PHP   2. require_once() C:\Users\Instrutor\Local Sites\lamborghiniferrari\app\public\wp-admin\post.php:12
[08-Dec-2022 20:08:37 UTC] PHP   3. do_action() C:\Users\Instrutor\Local Sites\lamborghiniferrari\app\public\wp-admin\admin.php:419
[08-Dec-2022 20:08:37 UTC] PHP   4. WP_Hook->do_action() C:\Users\Instrutor\Local Sites\lamborghiniferrari\app\public\wp-includes\plugin.php:517
[08-Dec-2022 20:08:37 UTC] PHP   5. WP_Hook->apply_filters() C:\Users\Instrutor\Local Sites\lamborghiniferrari\app\public\wp-includes\class-wp-hook.php:332
[08-Dec-2022 20:08:37 UTC] PHP   6. Elementor\Core\Editor\Editor->init() C:\Users\Instrutor\Local Sites\lamborghiniferrari\app\public\wp-includes\class-wp-hook.php:308
[08-Dec-2022 20:08:37 UTC] PHP   7. Elementor\Core\Editor\Editor->print_editor_template() C:\Users\Instrutor\Local Sites\lamborghiniferrari\app\public\wp-content\plugins\elementor\core\editor\editor.php:163
[08-Dec-2022 20:08:37 UTC] PHP   8. include() C:\Users\Instrutor\Local Sites\lamborghiniferrari\app\public\wp-content\plugins\elementor\core\editor\editor.php:322
[08-Dec-2022 20:08:37 UTC] PHP   9. wp_head() C:\Users\Instrutor\Local Sites\lamborghiniferrari\app\public\wp-content\plugins\elementor\includes\editor-templates\editor-wrapper.php:31
[08-Dec-2022 20:08:37 UTC] PHP  10. do_action() C:\Users\Instrutor\Local Sites\lamborghiniferrari\app\public\wp-includes\general-template.php:3043
[08-Dec-2022 20:08:37 UTC] PHP  11. WP_Hook->do_action() C:\Users\Instrutor\Local Sites\lamborghiniferrari\app\public\wp-includes\plugin.php:517
[08-Dec-2022 20:08:37 UTC] PHP  12. WP_Hook->apply_filters() C:\Users\Instrutor\Local Sites\lamborghiniferrari\app\public\wp-includes\class-wp-hook.php:332
[08-Dec-2022 20:08:37 UTC] PHP  13. wp_enqueue_scripts() C:\Users\Instrutor\Local Sites\lamborghiniferrari\app\public\wp-includes\class-wp-hook.php:308
[08-Dec-2022 20:08:37 UTC] PHP  14. do_action() C:\Users\Instrutor\Local Sites\lamborghiniferrari\app\public\wp-includes\script-loader.php:2180
[08-Dec-2022 20:08:37 UTC] PHP  15. WP_Hook->do_action() C:\Users\Instrutor\Local Sites\lamborghiniferrari\app\public\wp-includes\plugin.php:517
[08-Dec-2022 20:08:37 UTC] PHP  16. WP_Hook->apply_filters() C:\Users\Instrutor\Local Sites\lamborghiniferrari\app\public\wp-includes\class-wp-hook.php:332
[08-Dec-2022 20:08:37 UTC] PHP  17. Elementor\Core\Editor\Editor->enqueue_scripts() C:\Users\Instrutor\Local Sites\lamborghiniferrari\app\public\wp-includes\class-wp-hook.php:308
[08-Dec-2022 20:08:37 UTC] PHP  18. Elementor\Core\DocumentTypes\Page->get_config() C:\Users\Instrutor\Local Sites\lamborghiniferrari\app\public\wp-content\plugins\elementor\core\editor\editor.php:527
[08-Dec-2022 20:08:37 UTC] PHP  19. Elementor\Core\DocumentTypes\Page->get_initial_config() C:\Users\Instrutor\Local Sites\lamborghiniferrari\app\public\wp-content\plugins\elementor\includes\base\controls-stack.php:1019
[08-Dec-2022 20:08:37 UTC] PHP  20. Elementor\Widgets_Manager->get_widget_types_config() C:\Users\Instrutor\Local Sites\lamborghiniferrari\app\public\wp-content\plugins\elementor\core\base\document.php:633
[08-Dec-2022 20:08:37 UTC] PHP  21. Elementor\Widgets_Manager->get_widget_types() C:\Users\Instrutor\Local Sites\lamborghiniferrari\app\public\wp-content\plugins\elementor\includes\managers\widgets.php:333
[08-Dec-2022 20:08:37 UTC] PHP  22. Elementor\Widgets_Manager->init_widgets() C:\Users\Instrutor\Local Sites\lamborghiniferrari\app\public\wp-content\plugins\elementor\includes\managers\widgets.php:310
[08-Dec-2022 20:08:37 UTC] PHP  23. Elementor\Modules\DevTools\Deprecation->do_deprecated_action() C:\Users\Instrutor\Local Sites\lamborghiniferrari\app\public\wp-content\plugins\elementor\includes\managers\widgets.php:107
[08-Dec-2022 20:08:37 UTC] PHP  24. do_action_ref_array() C:\Users\Instrutor\Local Sites\lamborghiniferrari\app\public\wp-content\plugins\elementor\modules\dev-tools\deprecation.php:331
[08-Dec-2022 20:08:37 UTC] PHP  25. WP_Hook->do_action() C:\Users\Instrutor\Local Sites\lamborghiniferrari\app\public\wp-includes\plugin.php:565
[08-Dec-2022 20:08:37 UTC] PHP  26. WP_Hook->apply_filters() C:\Users\Instrutor\Local Sites\lamborghiniferrari\app\public\wp-includes\class-wp-hook.php:332
[08-Dec-2022 20:08:37 UTC] PHP  27. tfsel_widget_register() C:\Users\Instrutor\Local Sites\lamborghiniferrari\app\public\wp-includes\class-wp-hook.php:308
[08-Dec-2022 20:08:37 UTC] PHP Fatal error:  require_once(): Failed opening required 'C:\Users\Instrutor\Local Sites\lamborghiniferrari\app\public\wp-content\plugins\touch-fashion-slider-elementor-addon/widgets/hero-slider-3-widget.php' (include_path='.:/usr/share/php:/www/wp-content/pear') in C:\Users\Instrutor\Local Sites\lamborghiniferrari\app\public\wp-content\plugins\touch-fashion-slider-elementor-addon\tfsel-touch-fashion-slider.php on line 60
[08-Dec-2022 20:08:37 UTC] PHP Stack trace:
[08-Dec-2022 20:08:37 UTC] PHP   1. {main}() C:\Users\Instrutor\Local Sites\lamborghiniferrari\app\public\wp-admin\post.php:0
[08-Dec-2022 20:08:37 UTC] PHP   2. require_once() C:\Users\Instrutor\Local Sites\lamborghiniferrari\app\public\wp-admin\post.php:12
[08-Dec-2022 20:08:37 UTC] PHP   3. do_action() C:\Users\Instrutor\Local Sites\lamborghiniferrari\app\public\wp-admin\admin.php:419
[08-Dec-2022 20:08:37 UTC] PHP   4. WP_Hook->do_action() C:\Users\Instrutor\Local Sites\lamborghiniferrari\app\public\wp-includes\plugin.php:517
[08-Dec-2022 20:08:37 UTC] PHP   5. WP_Hook->apply_filters() C:\Users\Instrutor\Local Sites\lamborghiniferrari\app\public\wp-includes\class-wp-hook.php:332
[08-Dec-2022 20:08:37 UTC] PHP   6. Elementor\Core\Editor\Editor->init() C:\Users\Instrutor\Local Sites\lamborghiniferrari\app\public\wp-includes\class-wp-hook.php:308
[08-Dec-2022 20:08:37 UTC] PHP   7. Elementor\Core\Editor\Editor->print_editor_template() C:\Users\Instrutor\Local Sites\lamborghiniferrari\app\public\wp-content\plugins\elementor\core\editor\editor.php:163
[08-Dec-2022 20:08:37 UTC] PHP   8. include() C:\Users\Instrutor\Local Sites\lamborghiniferrari\app\public\wp-content\plugins\elementor\core\editor\editor.php:322
[08-Dec-2022 20:08:37 UTC] PHP   9. wp_head() C:\Users\Instrutor\Local Sites\lamborghiniferrari\app\public\wp-content\plugins\elementor\includes\editor-templates\editor-wrapper.php:31
[08-Dec-2022 20:08:37 UTC] PHP  10. do_action() C:\Users\Instrutor\Local Sites\lamborghiniferrari\app\public\wp-includes\general-template.php:3043
[08-Dec-2022 20:08:37 UTC] PHP  11. WP_Hook->do_action() C:\Users\Instrutor\Local Sites\lamborghiniferrari\app\public\wp-includes\plugin.php:517
[08-Dec-2022 20:08:37 UTC] PHP  12. WP_Hook->apply_filters() C:\Users\Instrutor\Local Sites\lamborghiniferrari\app\public\wp-includes\class-wp-hook.php:332
[08-Dec-2022 20:08:37 UTC] PHP  13. wp_enqueue_scripts() C:\Users\Instrutor\Local Sites\lamborghiniferrari\app\public\wp-includes\class-wp-hook.php:308
[08-Dec-2022 20:08:37 UTC] PHP  14. do_action() C:\Users\Instrutor\Local Sites\lamborghiniferrari\app\public\wp-includes\script-loader.php:2180
[08-Dec-2022 20:08:37 UTC] PHP  15. WP_Hook->do_action() C:\Users\Instrutor\Local Sites\lamborghiniferrari\app\public\wp-includes\plugin.php:517
[08-Dec-2022 20:08:37 UTC] PHP  16. WP_Hook->apply_filters() C:\Users\Instrutor\Local Sites\lamborghiniferrari\app\public\wp-includes\class-wp-hook.php:332
[08-Dec-2022 20:08:37 UTC] PHP  17. Elementor\Core\Editor\Editor->enqueue_scripts() C:\Users\Instrutor\Local Sites\lamborghiniferrari\app\public\wp-includes\class-wp-hook.php:308
[08-Dec-2022 20:08:37 UTC] PHP  18. Elementor\Core\DocumentTypes\Page->get_config() C:\Users\Instrutor\Local Sites\lamborghiniferrari\app\public\wp-content\plugins\elementor\core\editor\editor.php:527
[08-Dec-2022 20:08:37 UTC] PHP  19. Elementor\Core\DocumentTypes\Page->get_initial_config() C:\Users\Instrutor\Local Sites\lamborghiniferrari\app\public\wp-content\plugins\elementor\includes\base\controls-stack.php:1019
[08-Dec-2022 20:08:37 UTC] PHP  20. Elementor\Widgets_Manager->get_widget_types_config() C:\Users\Instrutor\Local Sites\lamborghiniferrari\app\public\wp-content\plugins\elementor\core\base\document.php:633
[08-Dec-2022 20:08:37 UTC] PHP  21. Elementor\Widgets_Manager->get_widget_types() C:\Users\Instrutor\Local Sites\lamborghiniferrari\app\public\wp-content\plugins\elementor\includes\managers\widgets.php:333
[08-Dec-2022 20:08:37 UTC] PHP  22. Elementor\Widgets_Manager->init_widgets() C:\Users\Instrutor\Local Sites\lamborghiniferrari\app\public\wp-content\plugins\elementor\includes\managers\widgets.php:310
[08-Dec-2022 20:08:37 UTC] PHP  23. Elementor\Modules\DevTools\Deprecation->do_deprecated_action() C:\Users\Instrutor\Local Sites\lamborghiniferrari\app\public\wp-content\plugins\elementor\includes\managers\widgets.php:107
[08-Dec-2022 20:08:37 UTC] PHP  24. do_action_ref_array() C:\Users\Instrutor\Local Sites\lamborghiniferrari\app\public\wp-content\plugins\elementor\modules\dev-tools\deprecation.php:331
[08-Dec-2022 20:08:37 UTC] PHP  25. WP_Hook->do_action() C:\Users\Instrutor\Local Sites\lamborghiniferrari\app\public\wp-includes\plugin.php:565
[08-Dec-2022 20:08:37 UTC] PHP  26. WP_Hook->apply_filters() C:\Users\Instrutor\Local Sites\lamborghiniferrari\app\public\wp-includes\class-wp-hook.php:332
[08-Dec-2022 20:08:37 UTC] PHP  27. tfsel_widget_register() C:\Users\Instrutor\Local Sites\lamborghiniferrari\app\public\wp-includes\class-wp-hook.php:308
[08-Dec-2022 20:09:07 UTC] PHP Warning:  require_once(C:\Users\Instrutor\Local Sites\lamborghiniferrari\app\public\wp-content\plugins\touch-fashion-slider-elementor-addon/widgets/hero-slider-3-widget.php): failed to open stream: No such file or directory in C:\Users\Instrutor\Local Sites\lamborghiniferrari\app\public\wp-content\plugins\touch-fashion-slider-elementor-addon\tfsel-touch-fashion-slider.php on line 60
[08-Dec-2022 20:09:07 UTC] PHP Stack trace:
[08-Dec-2022 20:09:07 UTC] PHP   1. {main}() C:\Users\Instrutor\Local Sites\lamborghiniferrari\app\public\wp-admin\post.php:0
[08-Dec-2022 20:09:07 UTC] PHP   2. require_once() C:\Users\Instrutor\Local Sites\lamborghiniferrari\app\public\wp-admin\post.php:12
[08-Dec-2022 20:09:07 UTC] PHP   3. do_action() C:\Users\Instrutor\Local Sites\lamborghiniferrari\app\public\wp-admin\admin.php:419
[08-Dec-2022 20:09:07 UTC] PHP   4. WP_Hook->do_action() C:\Users\Instrutor\Local Sites\lamborghiniferrari\app\public\wp-includes\plugin.php:517
[08-Dec-2022 20:09:07 UTC] PHP   5. WP_Hook->apply_filters() C:\Users\Instrutor\Local Sites\lamborghiniferrari\app\public\wp-includes\class-wp-hook.php:332
[08-Dec-2022 20:09:07 UTC] PHP   6. Elementor\Core\Editor\Editor->init() C:\Users\Instrutor\Local Sites\lamborghiniferrari\app\public\wp-includes\class-wp-hook.php:308
[08-Dec-2022 20:09:07 UTC] PHP   7. Elementor\Core\Editor\Editor->print_editor_template() C:\Users\Instrutor\Local Sites\lamborghiniferrari\app\public\wp-content\plugins\elementor\core\editor\editor.php:163
[08-Dec-2022 20:09:07 UTC] PHP   8. include() C:\Users\Instrutor\Local Sites\lamborghiniferrari\app\public\wp-content\plugins\elementor\core\editor\editor.php:322
[08-Dec-2022 20:09:07 UTC] PHP   9. wp_head() C:\Users\Instrutor\Local Sites\lamborghiniferrari\app\public\wp-content\plugins\elementor\includes\editor-templates\editor-wrapper.php:31
[08-Dec-2022 20:09:07 UTC] PHP  10. do_action() C:\Users\Instrutor\Local Sites\lamborghiniferrari\app\public\wp-includes\general-template.php:3043
[08-Dec-2022 20:09:07 UTC] PHP  11. WP_Hook->do_action() C:\Users\Instrutor\Local Sites\lamborghiniferrari\app\public\wp-includes\plugin.php:517
[08-Dec-2022 20:09:07 UTC] PHP  12. WP_Hook->apply_filters() C:\Users\Instrutor\Local Sites\lamborghiniferrari\app\public\wp-includes\class-wp-hook.php:332
[08-Dec-2022 20:09:07 UTC] PHP  13. wp_enqueue_scripts() C:\Users\Instrutor\Local Sites\lamborghiniferrari\app\public\wp-includes\class-wp-hook.php:308
[08-Dec-2022 20:09:07 UTC] PHP  14. do_action() C:\Users\Instrutor\Local Sites\lamborghiniferrari\app\public\wp-includes\script-loader.php:2180
[08-Dec-2022 20:09:07 UTC] PHP  15. WP_Hook->do_action() C:\Users\Instrutor\Local Sites\lamborghiniferrari\app\public\wp-includes\plugin.php:517
[08-Dec-2022 20:09:07 UTC] PHP  16. WP_Hook->apply_filters() C:\Users\Instrutor\Local Sites\lamborghiniferrari\app\public\wp-includes\class-wp-hook.php:332
[08-Dec-2022 20:09:07 UTC] PHP  17. Elementor\Core\Editor\Editor->enqueue_scripts() C:\Users\Instrutor\Local Sites\lamborghiniferrari\app\public\wp-includes\class-wp-hook.php:308
[08-Dec-2022 20:09:07 UTC] PHP  18. Elementor\Core\DocumentTypes\Page->get_config() C:\Users\Instrutor\Local Sites\lamborghiniferrari\app\public\wp-content\plugins\elementor\core\editor\editor.php:527
[08-Dec-2022 20:09:07 UTC] PHP  19. Elementor\Core\DocumentTypes\Page->get_initial_config() C:\Users\Instrutor\Local Sites\lamborghiniferrari\app\public\wp-content\plugins\elementor\includes\base\controls-stack.php:1019
[08-Dec-2022 20:09:07 UTC] PHP  20. Elementor\Widgets_Manager->get_widget_types_config() C:\Users\Instrutor\Local Sites\lamborghiniferrari\app\public\wp-content\plugins\elementor\core\base\document.php:633
[08-Dec-2022 20:09:07 UTC] PHP  21. Elementor\Widgets_Manager->get_widget_types() C:\Users\Instrutor\Local Sites\lamborghiniferrari\app\public\wp-content\plugins\elementor\includes\managers\widgets.php:333
[08-Dec-2022 20:09:07 UTC] PHP  22. Elementor\Widgets_Manager->init_widgets() C:\Users\Instrutor\Local Sites\lamborghiniferrari\app\public\wp-content\plugins\elementor\includes\managers\widgets.php:310
[08-Dec-2022 20:09:07 UTC] PHP  23. Elementor\Modules\DevTools\Deprecation->do_deprecated_action() C:\Users\Instrutor\Local Sites\lamborghiniferrari\app\public\wp-content\plugins\elementor\includes\managers\widgets.php:107
[08-Dec-2022 20:09:07 UTC] PHP  24. do_action_ref_array() C:\Users\Instrutor\Local Sites\lamborghiniferrari\app\public\wp-content\plugins\elementor\modules\dev-tools\deprecation.php:331
[08-Dec-2022 20:09:07 UTC] PHP  25. WP_Hook->do_action() C:\Users\Instrutor\Local Sites\lamborghiniferrari\app\public\wp-includes\plugin.php:565
[08-Dec-2022 20:09:07 UTC] PHP  26. WP_Hook->apply_filters() C:\Users\Instrutor\Local Sites\lamborghiniferrari\app\public\wp-includes\class-wp-hook.php:332
[08-Dec-2022 20:09:07 UTC] PHP  27. tfsel_widget_register() C:\Users\Instrutor\Local Sites\lamborghiniferrari\app\public\wp-includes\class-wp-hook.php:308
[08-Dec-2022 20:09:07 UTC] PHP Fatal error:  require_once(): Failed opening required 'C:\Users\Instrutor\Local Sites\lamborghiniferrari\app\public\wp-content\plugins\touch-fashion-slider-elementor-addon/widgets/hero-slider-3-widget.php' (include_path='.:/usr/share/php:/www/wp-content/pear') in C:\Users\Instrutor\Local Sites\lamborghiniferrari\app\public\wp-content\plugins\touch-fashion-slider-elementor-addon\tfsel-touch-fashion-slider.php on line 60
[08-Dec-2022 20:09:07 UTC] PHP Stack trace:
[08-Dec-2022 20:09:07 UTC] PHP   1. {main}() C:\Users\Instrutor\Local Sites\lamborghiniferrari\app\public\wp-admin\post.php:0
[08-Dec-2022 20:09:07 UTC] PHP   2. require_once() C:\Users\Instrutor\Local Sites\lamborghiniferrari\app\public\wp-admin\post.php:12
[08-Dec-2022 20:09:07 UTC] PHP   3. do_action() C:\Users\Instrutor\Local Sites\lamborghiniferrari\app\public\wp-admin\admin.php:419
[08-Dec-2022 20:09:07 UTC] PHP   4. WP_Hook->do_action() C:\Users\Instrutor\Local Sites\lamborghiniferrari\app\public\wp-includes\plugin.php:517
[08-Dec-2022 20:09:07 UTC] PHP   5. WP_Hook->apply_filters() C:\Users\Instrutor\Local Sites\lamborghiniferrari\app\public\wp-includes\class-wp-hook.php:332
[08-Dec-2022 20:09:07 UTC] PHP   6. Elementor\Core\Editor\Editor->init() C:\Users\Instrutor\Local Sites\lamborghiniferrari\app\public\wp-includes\class-wp-hook.php:308
[08-Dec-2022 20:09:07 UTC] PHP   7. Elementor\Core\Editor\Editor->print_editor_template() C:\Users\Instrutor\Local Sites\lamborghiniferrari\app\public\wp-content\plugins\elementor\core\editor\editor.php:163
[08-Dec-2022 20:09:07 UTC] PHP   8. include() C:\Users\Instrutor\Local Sites\lamborghiniferrari\app\public\wp-content\plugins\elementor\core\editor\editor.php:322
[08-Dec-2022 20:09:07 UTC] PHP   9. wp_head() C:\Users\Instrutor\Local Sites\lamborghiniferrari\app\public\wp-content\plugins\elementor\includes\editor-templates\editor-wrapper.php:31
[08-Dec-2022 20:09:07 UTC] PHP  10. do_action() C:\Users\Instrutor\Local Sites\lamborghiniferrari\app\public\wp-includes\general-template.php:3043
[08-Dec-2022 20:09:07 UTC] PHP  11. WP_Hook->do_action() C:\Users\Instrutor\Local Sites\lamborghiniferrari\app\public\wp-includes\plugin.php:517
[08-Dec-2022 20:09:07 UTC] PHP  12. WP_Hook->apply_filters() C:\Users\Instrutor\Local Sites\lamborghiniferrari\app\public\wp-includes\class-wp-hook.php:332
[08-Dec-2022 20:09:07 UTC] PHP  13. wp_enqueue_scripts() C:\Users\Instrutor\Local Sites\lamborghiniferrari\app\public\wp-includes\class-wp-hook.php:308
[08-Dec-2022 20:09:07 UTC] PHP  14. do_action() C:\Users\Instrutor\Local Sites\lamborghiniferrari\app\public\wp-includes\script-loader.php:2180
[08-Dec-2022 20:09:07 UTC] PHP  15. WP_Hook->do_action() C:\Users\Instrutor\Local Sites\lamborghiniferrari\app\public\wp-includes\plugin.php:517
[08-Dec-2022 20:09:07 UTC] PHP  16. WP_Hook->apply_filters() C:\Users\Instrutor\Local Sites\lamborghiniferrari\app\public\wp-includes\class-wp-hook.php:332
[08-Dec-2022 20:09:07 UTC] PHP  17. Elementor\Core\Editor\Editor->enqueue_scripts() C:\Users\Instrutor\Local Sites\lamborghiniferrari\app\public\wp-includes\class-wp-hook.php:308
[08-Dec-2022 20:09:07 UTC] PHP  18. Elementor\Core\DocumentTypes\Page->get_config() C:\Users\Instrutor\Local Sites\lamborghiniferrari\app\public\wp-content\plugins\elementor\core\editor\editor.php:527
[08-Dec-2022 20:09:07 UTC] PHP  19. Elementor\Core\DocumentTypes\Page->get_initial_config() C:\Users\Instrutor\Local Sites\lamborghiniferrari\app\public\wp-content\plugins\elementor\includes\base\controls-stack.php:1019
[08-Dec-2022 20:09:07 UTC] PHP  20. Elementor\Widgets_Manager->get_widget_types_config() C:\Users\Instrutor\Local Sites\lamborghiniferrari\app\public\wp-content\plugins\elementor\core\base\document.php:633
[08-Dec-2022 20:09:07 UTC] PHP  21. Elementor\Widgets_Manager->get_widget_types() C:\Users\Instrutor\Local Sites\lamborghiniferrari\app\public\wp-content\plugins\elementor\includes\managers\widgets.php:333
[08-Dec-2022 20:09:07 UTC] PHP  22. Elementor\Widgets_Manager->init_widgets() C:\Users\Instrutor\Local Sites\lamborghiniferrari\app\public\wp-content\plugins\elementor\includes\managers\widgets.php:310
[08-Dec-2022 20:09:07 UTC] PHP  23. Elementor\Modules\DevTools\Deprecation->do_deprecated_action() C:\Users\Instrutor\Local Sites\lamborghiniferrari\app\public\wp-content\plugins\elementor\includes\managers\widgets.php:107
[08-Dec-2022 20:09:07 UTC] PHP  24. do_action_ref_array() C:\Users\Instrutor\Local Sites\lamborghiniferrari\app\public\wp-content\plugins\elementor\modules\dev-tools\deprecation.php:331
[08-Dec-2022 20:09:07 UTC] PHP  25. WP_Hook->do_action() C:\Users\Instrutor\Local Sites\lamborghiniferrari\app\public\wp-includes\plugin.php:565
[08-Dec-2022 20:09:07 UTC] PHP  26. WP_Hook->apply_filters() C:\Users\Instrutor\Local Sites\lamborghiniferrari\app\public\wp-includes\class-wp-hook.php:332
[08-Dec-2022 20:09:07 UTC] PHP  27. tfsel_widget_register() C:\Users\Instrutor\Local Sites\lamborghiniferrari\app\public\wp-includes\class-wp-hook.php:308
